<?xml version="1.0" encoding="UTF-8"?>
<!-- Generated by org.testng.reporters.JUnitReportReporter -->
<testsuite hostname="Jigar" name="com.test.tests.WirelessAPTest" tests="2" failures="0" timestamp="20 Apr 2020 02:41:13 GMT" time="22.979" errors="0">
  <testcase name="validateAPsonWirelessAPListPage" time="12.602" classname="com.test.tests.WirelessAPTest"/>
  <testcase name="validateAPonAPDetailsPage" time="10.377" classname="com.test.tests.WirelessAPTest"/>
</testsuite> <!-- com.test.tests.WirelessAPTest -->
