<?xml version="1.0" encoding="UTF-8"?>
<!-- Generated by org.testng.reporters.JUnitReportReporter -->
<testsuite hostname="Jigar" name="com.test.tests.WirelessAPTest" tests="1" failures="0" timestamp="19 Apr 2020 23:54:33 GMT" time="11.199" errors="0">
  <testcase name="validateAPonAPDetailsPage" time="11.199" classname="com.test.tests.WirelessAPTest"/>
</testsuite> <!-- com.test.tests.WirelessAPTest -->
