<?xml version="1.0" encoding="UTF-8"?>
<!-- Generated by org.testng.reporters.JUnitReportReporter -->
<testsuite hostname="Jigar" name="com.test.tests.WirelessAPTest" tests="2" failures="0" timestamp="20 Apr 2020 03:50:22 GMT" time="24.483" errors="0">
  <testcase name="validateAPsonWirelessAPListPage" time="12.433" classname="com.test.tests.WirelessAPTest"/>
  <testcase name="validateAPonAPDetailsPage" time="12.050" classname="com.test.tests.WirelessAPTest"/>
</testsuite> <!-- com.test.tests.WirelessAPTest -->
