<?xml version="1.0" encoding="UTF-8"?>
<!-- Generated by org.testng.reporters.JUnitReportReporter -->
<testsuite hostname="Jigar" name="com.test.tests.WirelessAPTest" tests="2" failures="0" timestamp="19 Apr 2020 21:06:48 GMT" time="23.794" errors="0">
  <testcase name="validateAPonAPDetailsPage" time="10.046" classname="com.test.tests.WirelessAPTest"/>
  <testcase name="validateAPsonWirelessAPListPage" time="13.748" classname="com.test.tests.WirelessAPTest"/>
</testsuite> <!-- com.test.tests.WirelessAPTest -->
