<?xml version="1.0" encoding="UTF-8"?>
<!-- Generated by org.testng.reporters.JUnitReportReporter -->
<testsuite hostname="Jigar" name="com.test.tests.LoginTest" tests="1" failures="0" timestamp="19 Apr 2020 17:12:23 GMT" time="3.725" errors="0">
  <testcase name="successfulLogin" time="3.725" classname="com.test.tests.LoginTest"/>
</testsuite> <!-- com.test.tests.LoginTest -->
