<?xml version="1.0" encoding="UTF-8"?>
<!-- Generated by org.testng.reporters.JUnitReportReporter -->
<testsuite hostname="Jigar" name="com.test.tests.LoginTest" tests="1" failures="0" timestamp="20 Apr 2020 03:50:21 GMT" time="7.040" errors="0">
  <testcase name="successfulLogin" time="7.040" classname="com.test.tests.LoginTest"/>
</testsuite> <!-- com.test.tests.LoginTest -->
