<?xml version="1.0" encoding="UTF-8"?>
<!-- Generated by org.testng.reporters.JUnitReportReporter -->
<testsuite hostname="Jigar" name="com.test.tests.WirelessAPTest" tests="2" failures="0" timestamp="20 Apr 2020 03:44:02 GMT" time="23.802" errors="0">
  <testcase name="validateAPonAPDetailsPage" time="11.963" classname="com.test.tests.WirelessAPTest"/>
  <testcase name="validateAPsonWirelessAPListPage" time="11.839" classname="com.test.tests.WirelessAPTest"/>
</testsuite> <!-- com.test.tests.WirelessAPTest -->
